<?xml version="1.0" encoding="UTF-8"?>
<!-- Generated by org.testng.reporters.JUnitReportReporter -->
<testsuite skipped="0" hostname="VUONGCD-PC" name="mainPackage.mainClass" tests="1" failures="0" timestamp="03 May 2020 00:42:21 GMT" time="15.744" errors="0">
  <testcase name="Test" time="15.744" classname="mainPackage.mainClass"/>
</testsuite> <!-- mainPackage.mainClass -->
